<?xml version="1.0" encoding="UTF-8"?>
<testng-results skipped="0" failed="0" total="4" passed="4">
  <reporter-output>
  </reporter-output>
  <suite name="Default suite" duration-ms="36071" started-at="2014-03-03T13:10:17Z" finished-at="2014-03-03T13:10:53Z">
    <groups>
    </groups>
    <test name="Default test" duration-ms="36071" started-at="2014-03-03T13:10:17Z" finished-at="2014-03-03T13:10:53Z">
      <class name="com.example.tests.TwiceContactCreation">
        <test-method status="PASS" signature="NewContact()[pri:0, instance:com.example.tests.TwiceContactCreation@12f8578]" name="NewContact" duration-ms="9674" started-at="2014-03-03T17:10:37Z" finished-at="2014-03-03T17:10:46Z">
          <reporter-output>
          </reporter-output>
        </test-method> <!-- NewContact -->
      </class> <!-- com.example.tests.TwiceContactCreation -->
      <class name="com.example.tests.NewContactCreation">
        <test-method status="PASS" signature="NewContact()[pri:0, instance:com.example.tests.NewContactCreation@b90ff7]" name="NewContact" duration-ms="6381" started-at="2014-03-03T17:10:30Z" finished-at="2014-03-03T17:10:37Z">
          <reporter-output>
          </reporter-output>
        </test-method> <!-- NewContact -->
      </class> <!-- com.example.tests.NewContactCreation -->
      <class name="com.example.tests.NewGroupCreation">
        <test-method status="PASS" signature="newGroup()[pri:0, instance:com.example.tests.NewGroupCreation@1c75cff]" name="newGroup" duration-ms="2504" started-at="2014-03-03T17:10:49Z" finished-at="2014-03-03T17:10:51Z">
          <reporter-output>
          </reporter-output>
        </test-method> <!-- newGroup -->
      </class> <!-- com.example.tests.NewGroupCreation -->
      <class name="com.example.tests.TheSecondNewGroupCreation">
        <test-method status="PASS" signature="newGroup()[pri:0, instance:com.example.tests.TheSecondNewGroupCreation@1aa7aac]" name="newGroup" duration-ms="2608" started-at="2014-03-03T17:10:46Z" finished-at="2014-03-03T17:10:49Z">
          <reporter-output>
          </reporter-output>
        </test-method> <!-- newGroup -->
      </class> <!-- com.example.tests.TheSecondNewGroupCreation -->
      <class name="com.example.tests.Base">
        <test-method status="PASS" signature="setUp()[pri:0, instance:com.example.tests.Base@158c52c]" name="setUp" is-config="true" duration-ms="12852" started-at="2014-03-03T17:10:17Z" finished-at="2014-03-03T17:10:30Z">
          <reporter-output>
          </reporter-output>
        </test-method> <!-- setUp -->
        <test-method status="PASS" signature="tearDown()[pri:0, instance:com.example.tests.Base@158c52c]" name="tearDown" is-config="true" duration-ms="2034" started-at="2014-03-03T17:10:51Z" finished-at="2014-03-03T17:10:53Z">
          <reporter-output>
          </reporter-output>
        </test-method> <!-- tearDown -->
      </class> <!-- com.example.tests.Base -->
    </test> <!-- Default test -->
  </suite> <!-- Default suite -->
</testng-results>
