<?xml version="1.0" encoding="UTF-8"?>
<!-- Generated by org.testng.reporters.JUnitXMLReporter -->
<testsuite hostname="testerpc" name="Default test" tests="4" failures="0" timestamp="3 Mar 2014 13:10:53 GMT" time="36.071" errors="0">
  <testcase name="NewContact" time="6.381" classname="com.example.tests.NewContactCreation"/>
  <testcase name="NewContact" time="9.674" classname="com.example.tests.TwiceContactCreation"/>
  <testcase name="newGroup" time="2.608" classname="com.example.tests.TheSecondNewGroupCreation"/>
  <testcase name="newGroup" time="2.504" classname="com.example.tests.NewGroupCreation"/>
</testsuite> <!-- Default test -->
