<?xml version="1.0" encoding="UTF-8"?>
<!-- Generated by org.testng.reporters.JUnitXMLReporter -->
<testsuite hostname="testerpc" name="Default test" tests="4" failures="0" timestamp="3 Mar 2014 10:02:40 GMT" time="60.669" errors="0">
  <testcase name="newEmptyGroup" time="14.073" classname="com.example.tests.TheSecondNewGroupCreation"/>
  <testcase name="newGroup" time="4.624" classname="com.example.tests.TheSecondNewGroupCreation"/>
  <testcase name="newEmptyGroup" time="2.443" classname="com.example.tests.NewGroupCreation"/>
  <testcase name="newGroup" time="2.562" classname="com.example.tests.NewGroupCreation"/>
</testsuite> <!-- Default test -->
